[17:34:33] [ServerMain/INFO]: [bootstrap] Running Java 22 (Java HotSpot(TM) 64-Bit Server VM 22.0.1+8-16; Oracle Corporation null) on Windows 11 10.0 (amd64)
[17:34:33] [ServerMain/INFO]: [bootstrap] Loading Paper 1.21.1-132-ver/1.21.1@b48403b (2024-11-21T10:14:27Z) for Minecraft 1.21.1
[17:34:35] [ServerMain/INFO]: [PluginInitializerManager] Initializing plugins...
[17:34:36] [ServerMain/INFO]: [PluginInitializerManager] Initialized 0 plugins
[17:34:48] [ServerMain/INFO]: Environment: Environment[sessionHost=https://sessionserver.mojang.com, servicesHost=https://api.minecraftservices.com, name=PROD]
[17:34:56] [ServerMain/INFO]: Loaded 1290 recipes
[17:34:57] [ServerMain/INFO]: Loaded 1399 advancements
[17:34:57] [Server thread/INFO]: Starting minecraft server version 1.21.1
[17:34:57] [Server thread/INFO]: Loading properties
[17:34:57] [Server thread/INFO]: This server is running Paper version 1.21.1-132-ver/1.21.1@b48403b (2024-11-21T10:14:27Z) (Implementing API version 1.21.1-R0.1-SNAPSHOT)
[17:35:00] [Server thread/INFO]: [spark] This server bundles the spark profiler. For more information please visit https://docs.papermc.io/paper/profiling
[17:35:00] [Server thread/INFO]: Server Ping Player Sample Count: 12
[17:35:00] [Server thread/INFO]: Using 4 threads for Netty based IO
[17:35:02] [Server thread/INFO]: [ChunkTaskScheduler] Chunk system is using 1 I/O threads, 2 worker threads, and population gen parallelism of 2 threads
[17:35:03] [Server thread/INFO]: Default game type: SURVIVAL
[17:35:03] [Server thread/INFO]: Generating keypair
[17:35:03] [Server thread/INFO]: Starting Minecraft server on *:25565
[17:35:03] [Server thread/INFO]: Using default channel type
[17:35:03] [Server thread/INFO]: Paper: Using Java compression from Velocity.
[17:35:03] [Server thread/INFO]: Paper: Using Java cipher from Velocity.
[17:35:03] [Server thread/INFO]: Server permissions file permissions.yml is empty, ignoring it
[17:35:03] [Server thread/WARN]: **** SERVER IS RUNNING IN OFFLINE/INSECURE MODE!
[17:35:03] [Server thread/WARN]: The server will make no attempt to authenticate usernames. Beware.
[17:35:03] [Server thread/WARN]: While this makes the game possible to play without internet access, it also opens up the ability for hackers to connect with any username they choose.
[17:35:03] [Server thread/WARN]: To change this, set "online-mode" to "true" in the server.properties file.
[17:35:03] [Server thread/INFO]: Preparing level "world"
[17:35:05] [Server thread/INFO]: Preparing start region for dimension minecraft:overworld
[17:35:08] [Server thread/INFO]: Time elapsed: 2600 ms
[17:35:08] [Server thread/INFO]: Preparing start region for dimension minecraft:the_nether
[17:35:08] [Server thread/INFO]: Time elapsed: 278 ms
[17:35:08] [Server thread/INFO]: Preparing start region for dimension minecraft:the_end
[17:35:08] [Server thread/INFO]: Time elapsed: 208 ms
[17:35:08] [Server thread/INFO]: [spark] Starting background profiler...
[17:35:08] [Server thread/INFO]: [spark] The async-profiler engine is not supported for your os/arch (windows11/amd64), so the built-in Java engine will be used instead.
[17:35:08] [Server thread/INFO]: Done preparing level "world" (4.882s)
[17:35:08] [Server thread/INFO]: Running delayed init tasks
[17:35:08] [Server thread/INFO]: Done (38.061s)! For help, type "help"
[17:35:08] [Server thread/INFO]: Timings Reset
[17:35:18] [User Authenticator #0/INFO]: UUID of player FrescoDiZona is 3aa8a40c-dd50-3341-acd2-1cbeee1ae67a
[17:35:19] [Server thread/INFO]: FrescoDiZona joined the game
[17:35:20] [Server thread/INFO]: FrescoDiZona[/[0:0:0:0:0:0:0:1]:56211] logged in with entity id 79 at ([world]-7.305122451498919, 72.0, 13.146754828079551)
[17:35:21] [Async Chat Thread - #0/INFO]: [Not Secure] <FrescoDiZona> Hello guys!
[17:35:22] [Server thread/WARN]: Can't keep up! Is the server overloaded? Running 2550ms or 51 ticks behind
[17:35:30] [Server thread/INFO]: FrescoDiZona was slain by Zombie
[17:35:31] [Async Chat Thread - #0/INFO]: [Not Secure] <FrescoDiZona> Hello guys!
[17:35:48] [Server thread/INFO]: FrescoDiZona was slain by Zombie
[17:35:48] [Async Chat Thread - #0/INFO]: [Not Secure] <FrescoDiZona> Hello guys!
[17:35:57] [Server thread/INFO]: FrescoDiZona was slain by Zombie
[17:35:57] [Async Chat Thread - #0/INFO]: [Not Secure] <FrescoDiZona> Hello guys!
[17:36:09] [Server thread/INFO]: FrescoDiZona was slain by Zombie
[17:36:09] [Async Chat Thread - #0/INFO]: [Not Secure] <FrescoDiZona> Hello guys!
[17:36:21] [Server thread/INFO]: FrescoDiZona was slain by Zombie
[17:36:21] [Async Chat Thread - #0/INFO]: [Not Secure] <FrescoDiZona> Hello guys!
[17:36:24] [Server thread/INFO]: FrescoDiZona lost connection: Disconnected
[17:36:24] [Server thread/INFO]: FrescoDiZona left the game
